<?xml version="1.0" encoding="UTF-8"?>
<!-- Generated by org.testng.reporters.JUnitXMLReporter -->
<testsuite ignored="0" hostname="PhamGiaKhanh" failures="0" tests="33" name="Surefire test" time="1.432" errors="0" timestamp="2026-03-02T14:33:11 ICT">
  <testcase classname="DA1.DAOimplTest.MarksImplTest" name="TC26_MarksImpl_findAll_basic" time="0.058"/>
  <testcase classname="DA1.DAOimplTest.MarksImplTest" name="TC27_MarksImpl_findAllSubjects_basic" time="0.013"/>
  <testcase classname="DA1.DAOimplTest.MarksImplTest" name="TC28_MarksImpl_findAllBySubjectsTitle_valid" time="0.011"/>
  <testcase classname="DA1.DAOimplTest.MarksImplTest" name="TC29_MarksImpl_update_valid" time="0.012"/>
  <testcase classname="DA1.DAOimplTest.MarksImplTest" name="TC30_MarksImpl_insert_valid" time="0.016"/>
  <testcase classname="DA1.DAOimplTest.MarksImplTest" name="TC31_MarksImpl_findMarks_partial" time="0.003"/>
  <testcase classname="DA1.DAOimplTest.MarksImplTest" name="TC32_MarksImpl_getAllSubjectTitle_basic" time="0.01"/>
  <testcase classname="DA1.DAOimplTest.MarksImplTest" name="TC33_MarksImpl_deleteMarks_valid" time="0.011"/>
  <testcase classname="DA1.DAOimplTest.StudentsImplTest" name="TC08_StudentsImpl_create_valid" time="0.046"/>
  <testcase classname="DA1.DAOimplTest.StudentsImplTest" name="TC09_StudentsImpl_update_valid" time="0.018"/>
  <testcase classname="DA1.DAOimplTest.StudentsImplTest" name="TC10_StudentsImpl_findAll_basic" time="0.009"/>
  <testcase classname="DA1.DAOimplTest.StudentsImplTest" name="TC11_StudentsImpl_findAllStudentForSelectMark_basic" time="0.008"/>
  <testcase classname="DA1.DAOimplTest.StudentsImplTest" name="TC12_StudentsImpl_findByName_partial" time="0.0"/>
  <testcase classname="DA1.DAOimplTest.StudentsImplTest" name="TC13_StudentsImpl_deleteStById_valid" time="0.01"/>
  <testcase classname="DA1.DAOimplTest.StudentsImplTest" name="TC14_StudentsImpl_classList_valid" time="0.004"/>
  <testcase classname="DA1.DAOimplTest.SubjectsImplTest" name="TC15_SubjectsImpl_findAll_basic" time="0.002"/>
  <testcase classname="DA1.DAOimplTest.SubjectsImplTest" name="TC16_SubjectsImpl_create_valid" time="0.009"/>
  <testcase classname="DA1.DAOimplTest.SubjectsImplTest" name="TC17_SubjectsImpl_update_valid" time="0.012"/>
  <testcase classname="DA1.DAOimplTest.SubjectsImplTest" name="TC18_SubjectsImpl_delete_valid" time="0.011"/>
  <testcase classname="DA1.DAOimplTest.SubjectsImplTest" name="TC19_SubjectsImpl_findByName_partial" time="0.005"/>
  <testcase classname="DA1.DAOimplTest.TeachersImplTest" name="TC20_TeachersImpl_create_valid" time="0.012"/>
  <testcase classname="DA1.DAOimplTest.TeachersImplTest" name="TC21_TeachersImpl_update_valid" time="0.007"/>
  <testcase classname="DA1.DAOimplTest.TeachersImplTest" name="TC22_TeachersImpl_deleteById_valid" time="0.008"/>
  <testcase classname="DA1.DAOimplTest.TeachersImplTest" name="TC23_TeachersImpl_findAll_basic" time="0.008"/>
  <testcase classname="DA1.DAOimplTest.TeachersImplTest" name="TC24_TeachersImpl_findByName_partial" time="0.002"/>
  <testcase classname="DA1.DAOimplTest.TeachersImplTest" name="TC25_TeachersImpl_fillToTeacher_basic" time="0.008"/>
  <testcase classname="DA1.DAOimplTest.UsersDAOimplTest" name="TC01_UsersDAOimpl_create_valid" time="0.006"/>
  <testcase classname="DA1.DAOimplTest.UsersDAOimplTest" name="TC02_UsersDAOimpl_update_valid" time="0.009"/>
  <testcase classname="DA1.DAOimplTest.UsersDAOimplTest" name="TC03_UsersDAOimpl_deleteById_valid" time="0.01"/>
  <testcase classname="DA1.DAOimplTest.UsersDAOimplTest" name="TC04_UsersDAOimpl_deleteByIdInt_valid" time="0.007"/>
  <testcase classname="DA1.DAOimplTest.UsersDAOimplTest" name="TC05_UsersDAOimpl_findAll_basic" time="0.006"/>
  <testcase classname="DA1.DAOimplTest.UsersDAOimplTest" name="TC06_UsersDAOimpl_findById_valid" time="0.0"/>
  <testcase classname="DA1.DAOimplTest.UsersDAOimplTest" name="TC07_UsersDAOimpl_findByName_partial" time="0.003"/>
</testsuite> <!-- Surefire test -->
