<?xml version="1.0" encoding="UTF-8"?>
<testsuite xmlns:xsi="http://www.w3.org/2001/XMLSchema-instance" xsi:noNamespaceSchemaLocation="https://maven.apache.org/surefire/maven-surefire-plugin/xsd/surefire-test-report.xsd" version="3.0.2" name="TestSuite" time="1.221" tests="33" errors="0" skipped="0" failures="0">
  <properties>
[...]
</properties>
  <testcase name="TC26_MarksImpl_findAll_basic" classname="DA1.DAOimpl.MarksImplTest" time="0.042">
    <system-out><![CDATA[value: DELETE FROM Marks WHERE Student_ID = ? AND Subject = ?
]]></system-out>
    <system-err><![CDATA[SLF4J: Failed to load class "org.slf4j.impl.StaticLoggerBinder".
SLF4J: Defaulting to no-operation (NOP) logger implementation
SLF4J: See http://www.slf4j.org/codes.html#StaticLoggerBinder for further details.
]]></system-err>
  </testcase>
  <testcase name="TC27_MarksImpl_findAllSubjects_basic" classname="DA1.DAOimpl.MarksImplTest" time="0.004">
    <system-out><![CDATA[value: DELETE FROM Marks WHERE Student_ID = ? AND Subject = ?
value: DELETE FROM Marks WHERE Student_ID = ? AND Subject = ?
]]></system-out>
  </testcase>
  <testcase name="TC28_MarksImpl_findAllBySubjectsTitle_valid" classname="DA1.DAOimpl.MarksImplTest" time="0.001">
    <system-out><![CDATA[value: DELETE FROM Marks WHERE Student_ID = ? AND Subject = ?
value: DELETE FROM Marks WHERE Student_ID = ? AND Subject = ?
]]></system-out>
  </testcase>
  <testcase name="TC29_MarksImpl_update_valid" classname="DA1.DAOimpl.MarksImplTest" time="0.01">
    <system-out><![CDATA[value: DELETE FROM Marks WHERE Student_ID = ? AND Subject = ?
value: DELETE FROM Marks WHERE Student_ID = ? AND Subject = ?
sss[Ljava.lang.Object;@7c8c9a05
value: INSERT INTO Marks (Student_ID, Student, Subject)
values(?,?,?)
value: UPDATE Marks SET RegularGrade = ?, MidtermGrade = ?, FinalExam = ? WHERE Student_ID = ? and Subject = ?
]]></system-out>
  </testcase>
  <testcase name="TC30_MarksImpl_insert_valid" classname="DA1.DAOimpl.MarksImplTest" time="0.005">
    <system-out><![CDATA[value: DELETE FROM Marks WHERE Student_ID = ? AND Subject = ?
value: DELETE FROM Marks WHERE Student_ID = ? AND Subject = ?
sss[Ljava.lang.Object;@78d6692f
value: INSERT INTO Marks (Student_ID, Student, Subject)
values(?,?,?)
]]></system-out>
  </testcase>
  <testcase name="TC31_MarksImpl_findMarks_partial" classname="DA1.DAOimpl.MarksImplTest" time="0.002">
    <system-out><![CDATA[value: DELETE FROM Marks WHERE Student_ID = ? AND Subject = ?
value: DELETE FROM Marks WHERE Student_ID = ? AND Subject = ?
]]></system-out>
  </testcase>
  <testcase name="TC32_MarksImpl_getAllSubjectTitle_basic" classname="DA1.DAOimpl.MarksImplTest" time="0.004">
    <system-out><![CDATA[value: DELETE FROM Marks WHERE Student_ID = ? AND Subject = ?
value: DELETE FROM Marks WHERE Student_ID = ? AND Subject = ?
]]></system-out>
  </testcase>
  <testcase name="TC33_MarksImpl_deleteMarks_valid" classname="DA1.DAOimpl.MarksImplTest" time="0.008">
    <system-out><![CDATA[value: DELETE FROM Marks WHERE Student_ID = ? AND Subject = ?
value: DELETE FROM Marks WHERE Student_ID = ? AND Subject = ?
sss[Ljava.lang.Object;@3daf7722
value: INSERT INTO Marks (Student_ID, Student, Subject)
values(?,?,?)
value: UPDATE Marks SET RegularGrade = ?, MidtermGrade = ?, FinalExam = ? WHERE Student_ID = ? and Subject = ?
value: UPDATE Marks set RegularGrade = null, MidtermGrade = null, FinalExam = null WHERE Student_ID = ? and Subject = ?
]]></system-out>
  </testcase>
  <testcase name="TC08_StudentsImpl_create_valid" classname="DA1.DAOimpl.StudentsImplTest" time="0.032">
    <system-out><![CDATA[value: DELETE FROM Marks WHERE Student_ID = ? AND Subject = ?
value: DELETE FROM Users WHERE UserName = ?
value: INSERT INTO Users (UserName, Fullname, PassWord, Photo, Role, IsActive) VALUES  ( ? , ?, ?, ?, ?, ?)
value: INSERT INTO Students (User_ID, Fullname, Photo, BirthDate, Gmail, Classes) VALUES (?,?,?,?,?,?)
]]></system-out>
  </testcase>
  <testcase name="TC09_StudentsImpl_update_valid" classname="DA1.DAOimpl.StudentsImplTest" time="0.011">
    <system-out><![CDATA[value: DELETE FROM Students WHERE User_ID = ?
value: DELETE FROM Users WHERE UserName = ?
value: DELETE FROM Users WHERE UserName = ?
value: INSERT INTO Users (UserName, Fullname, PassWord, Photo, Role, IsActive) VALUES  ( ? , ?, ?, ?, ?, ?)
value: INSERT INTO Students (User_ID, Fullname, Photo, BirthDate, Gmail, Classes) VALUES (?,?,?,?,?,?)
value:   UPDATE Students SET BirthDate = ?, Gmail = ?, Classes = ? WHERE Students_ID = ?
]]></system-out>
  </testcase>
  <testcase name="TC10_StudentsImpl_findAll_basic" classname="DA1.DAOimpl.StudentsImplTest" time="0.007">
    <system-out><![CDATA[value: DELETE FROM Students WHERE User_ID = ?
value: DELETE FROM Users WHERE UserName = ?
value: DELETE FROM Users WHERE UserName = ?
value: INSERT INTO Users (UserName, Fullname, PassWord, Photo, Role, IsActive) VALUES  ( ? , ?, ?, ?, ?, ?)
⚠ Column 'Students_ID' not found or incompatible!
⚠ Column 'Students_ID' not found or incompatible!
⚠ Column 'Students_ID' not found or incompatible!
]]></system-out>
  </testcase>
  <testcase name="TC11_StudentsImpl_findAllStudentForSelectMark_basic" classname="DA1.DAOimpl.StudentsImplTest" time="0.003">
    <system-out><![CDATA[value: DELETE FROM Students WHERE User_ID = ?
value: DELETE FROM Users WHERE UserName = ?
value: DELETE FROM Users WHERE UserName = ?
value: INSERT INTO Users (UserName, Fullname, PassWord, Photo, Role, IsActive) VALUES  ( ? , ?, ?, ?, ?, ?)
]]></system-out>
  </testcase>
  <testcase name="TC12_StudentsImpl_findByName_partial" classname="DA1.DAOimpl.StudentsImplTest" time="0.0">
    <system-out><![CDATA[value: DELETE FROM Students WHERE User_ID = ?
value: DELETE FROM Users WHERE UserName = ?
value: DELETE FROM Users WHERE UserName = ?
value: INSERT INTO Users (UserName, Fullname, PassWord, Photo, Role, IsActive) VALUES  ( ? , ?, ?, ?, ?, ?)
]]></system-out>
  </testcase>
  <testcase name="TC13_StudentsImpl_deleteStById_valid" classname="DA1.DAOimpl.StudentsImplTest" time="0.004">
    <system-out><![CDATA[value: DELETE FROM Students WHERE User_ID = ?
value: DELETE FROM Users WHERE UserName = ?
value: DELETE FROM Users WHERE UserName = ?
value: INSERT INTO Users (UserName, Fullname, PassWord, Photo, Role, IsActive) VALUES  ( ? , ?, ?, ?, ?, ?)
value: INSERT INTO Students (User_ID, Fullname, Photo, BirthDate, Gmail, Classes) VALUES (?,?,?,?,?,?)
value: DELETE FROM Students WHERE Students_ID = ?
]]></system-out>
  </testcase>
  <testcase name="TC14_StudentsImpl_classList_valid" classname="DA1.DAOimpl.StudentsImplTest" time="0.001">
    <system-out><![CDATA[value: DELETE FROM Students WHERE User_ID = ?
value: DELETE FROM Users WHERE UserName = ?
value: DELETE FROM Users WHERE UserName = ?
value: INSERT INTO Users (UserName, Fullname, PassWord, Photo, Role, IsActive) VALUES  ( ? , ?, ?, ?, ?, ?)
]]></system-out>
  </testcase>
  <testcase name="TC15_SubjectsImpl_findAll_basic" classname="DA1.DAOimpl.SubjectsImplTest" time="0.001">
    <system-out><![CDATA[value: DELETE FROM Students WHERE User_ID = ?
value: DELETE FROM Users WHERE UserName = ?
value: DELETE FROM MonHoc WHERE TenMon = ?
]]></system-out>
  </testcase>
  <testcase name="TC16_SubjectsImpl_create_valid" classname="DA1.DAOimpl.SubjectsImplTest" time="0.003">
    <system-out><![CDATA[value: DELETE FROM MonHoc WHERE TenMon = ?
value: DELETE FROM MonHoc WHERE TenMon = ?
value:   INSERT INTO MonHoc(TenMon, TinChi) VALUES(?, ?)
]]></system-out>
  </testcase>
  <testcase name="TC17_SubjectsImpl_update_valid" classname="DA1.DAOimpl.SubjectsImplTest" time="0.004">
    <system-out><![CDATA[value: DELETE FROM MonHoc WHERE TenMon = ?
value: DELETE FROM MonHoc WHERE TenMon = ?
value: DELETE FROM MonHoc WHERE TenMon = ?
value:   INSERT INTO MonHoc(TenMon, TinChi) VALUES(?, ?)
value: UPDATE MonHoc SET TenMon = ?, TinChi = ? WHERE MaMon = ?
value: DELETE FROM MonHoc WHERE TenMon = ?
]]></system-out>
  </testcase>
  <testcase name="TC18_SubjectsImpl_delete_valid" classname="DA1.DAOimpl.SubjectsImplTest" time="0.002">
    <system-out><![CDATA[value: DELETE FROM MonHoc WHERE TenMon = ?
value: DELETE FROM MonHoc WHERE TenMon = ?
value:   INSERT INTO MonHoc(TenMon, TinChi) VALUES(?, ?)
value: DELETE FROM MonHoc WHERE MaMon = ?
]]></system-out>
  </testcase>
  <testcase name="TC19_SubjectsImpl_findByName_partial" classname="DA1.DAOimpl.SubjectsImplTest" time="0.001">
    <system-out><![CDATA[value: DELETE FROM MonHoc WHERE TenMon = ?
value: DELETE FROM MonHoc WHERE TenMon = ?
]]></system-out>
  </testcase>
  <testcase name="TC20_TeachersImpl_create_valid" classname="DA1.DAOimpl.TeachersImplTest" time="0.008">
    <system-out><![CDATA[value: DELETE FROM MonHoc WHERE TenMon = ?
value: DELETE FROM Users WHERE UserName = ?
value: INSERT INTO Users (UserName, Fullname, PassWord, Photo, Role, IsActive) VALUES  ( ? , ?, ?, ?, ?, ?)
value: INSERT INTO Teachers (User_ID, Name, Photo, Birthdate, Gmail, Subjects) VALUES(?,?,?,?,?,?)
]]></system-out>
  </testcase>
  <testcase name="TC21_TeachersImpl_update_valid" classname="DA1.DAOimpl.TeachersImplTest" time="0.005">
    <system-out><![CDATA[value: DELETE FROM Teachers WHERE User_ID = ?
value: DELETE FROM Users WHERE UserName = ?
value: DELETE FROM Users WHERE UserName = ?
value: INSERT INTO Users (UserName, Fullname, PassWord, Photo, Role, IsActive) VALUES  ( ? , ?, ?, ?, ?, ?)
value: INSERT INTO Teachers (User_ID, Name, Photo, Birthdate, Gmail, Subjects) VALUES(?,?,?,?,?,?)
value: UPDATE Teachers SET Name =?, Photo = ?,Birthdate = ?, Gmail =?, Subjects =? WHERE User_ID =? 
]]></system-out>
  </testcase>
  <testcase name="TC22_TeachersImpl_deleteById_valid" classname="DA1.DAOimpl.TeachersImplTest" time="0.002">
    <system-out><![CDATA[value: DELETE FROM Teachers WHERE User_ID = ?
value: DELETE FROM Users WHERE UserName = ?
value: DELETE FROM Users WHERE UserName = ?
value: INSERT INTO Users (UserName, Fullname, PassWord, Photo, Role, IsActive) VALUES  ( ? , ?, ?, ?, ?, ?)
value: INSERT INTO Teachers (User_ID, Name, Photo, Birthdate, Gmail, Subjects) VALUES(?,?,?,?,?,?)
value: DELETE FROM Teachers WHERE ID_GV = ?
]]></system-out>
  </testcase>
  <testcase name="TC23_TeachersImpl_findAll_basic" classname="DA1.DAOimpl.TeachersImplTest" time="0.003">
    <system-out><![CDATA[value: DELETE FROM Teachers WHERE User_ID = ?
value: DELETE FROM Users WHERE UserName = ?
value: DELETE FROM Users WHERE UserName = ?
value: INSERT INTO Users (UserName, Fullname, PassWord, Photo, Role, IsActive) VALUES  ( ? , ?, ?, ?, ?, ?)
⚠ Column 'ID_GV' not found or incompatible!
⚠ Column 'ID_GV' not found or incompatible!
]]></system-out>
  </testcase>
  <testcase name="TC24_TeachersImpl_findByName_partial" classname="DA1.DAOimpl.TeachersImplTest" time="0.0">
    <system-out><![CDATA[value: DELETE FROM Teachers WHERE User_ID = ?
value: DELETE FROM Users WHERE UserName = ?
value: DELETE FROM Users WHERE UserName = ?
value: INSERT INTO Users (UserName, Fullname, PassWord, Photo, Role, IsActive) VALUES  ( ? , ?, ?, ?, ?, ?)
]]></system-out>
  </testcase>
  <testcase name="TC25_TeachersImpl_fillToTeacher_basic" classname="DA1.DAOimpl.TeachersImplTest" time="0.006">
    <system-out><![CDATA[value: DELETE FROM Teachers WHERE User_ID = ?
value: DELETE FROM Users WHERE UserName = ?
value: DELETE FROM Users WHERE UserName = ?
value: INSERT INTO Users (UserName, Fullname, PassWord, Photo, Role, IsActive) VALUES  ( ? , ?, ?, ?, ?, ?)
]]></system-out>
  </testcase>
  <testcase name="TC01_UsersDAOimpl_create_valid" classname="DA1.DAOimpl.UsersDAOimplTest" time="0.001">
    <system-out><![CDATA[value: DELETE FROM Teachers WHERE User_ID = ?
value: DELETE FROM Users WHERE UserName = ?
value: DELETE FROM Users WHERE UserName = ?
value: INSERT INTO Users (UserName, Fullname, PassWord, Photo, Role, IsActive) VALUES  ( ? , ?, ?, ?, ?, ?)
]]></system-out>
  </testcase>
  <testcase name="TC02_UsersDAOimpl_update_valid" classname="DA1.DAOimpl.UsersDAOimplTest" time="0.005">
    <system-out><![CDATA[value: DELETE FROM Users WHERE UserName = ?
value: DELETE FROM Users WHERE UserName = ?
value: INSERT INTO Users (UserName, Fullname, PassWord, Photo, Role, IsActive) VALUES  ( ? , ?, ?, ?, ?, ?)
value:  UPDATE Users set UserName = ?, Fullname = ?,  PassWord = ? ,Photo = ?,  Role = ? , IsActive = ?  where User_ID = ? 
]]></system-out>
  </testcase>
  <testcase name="TC03_UsersDAOimpl_deleteById_valid" classname="DA1.DAOimpl.UsersDAOimplTest" time="0.003">
    <system-out><![CDATA[value: DELETE FROM Users WHERE UserName = ?
value: DELETE FROM Users WHERE UserName = ?
value: INSERT INTO Users (UserName, Fullname, PassWord, Photo, Role, IsActive) VALUES  ( ? , ?, ?, ?, ?, ?)
value: DELETE FROM Users WHERE User_ID =?
]]></system-out>
  </testcase>
  <testcase name="TC04_UsersDAOimpl_deleteByIdInt_valid" classname="DA1.DAOimpl.UsersDAOimplTest" time="0.003">
    <system-out><![CDATA[value: DELETE FROM Users WHERE UserName = ?
value: DELETE FROM Users WHERE UserName = ?
value: INSERT INTO Users (UserName, Fullname, PassWord, Photo, Role, IsActive) VALUES  ( ? , ?, ?, ?, ?, ?)
value: DELETE FROM Users WHERE User_ID =?
]]></system-out>
  </testcase>
  <testcase name="TC05_UsersDAOimpl_findAll_basic" classname="DA1.DAOimpl.UsersDAOimplTest" time="0.002">
    <system-out><![CDATA[value: DELETE FROM Users WHERE UserName = ?
value: DELETE FROM Users WHERE UserName = ?
]]></system-out>
  </testcase>
  <testcase name="TC06_UsersDAOimpl_findById_valid" classname="DA1.DAOimpl.UsersDAOimplTest" time="0.0">
    <system-out><![CDATA[value: DELETE FROM Users WHERE UserName = ?
value: DELETE FROM Users WHERE UserName = ?
value: INSERT INTO Users (UserName, Fullname, PassWord, Photo, Role, IsActive) VALUES  ( ? , ?, ?, ?, ?, ?)
]]></system-out>
  </testcase>
  <testcase name="TC07_UsersDAOimpl_findByName_partial" classname="DA1.DAOimpl.UsersDAOimplTest" time="0.0">
    <system-out><![CDATA[value: DELETE FROM Users WHERE UserName = ?
value: DELETE FROM Users WHERE UserName = ?
]]></system-out>
  </testcase>
</testsuite>