<?xml version="1.0" encoding="UTF-8"?>
<!-- Generated by org.testng.reporters.JUnitReportReporter -->
<testsuite hostname="PhamGiaKhanh" failures="0" tests="7" name="DA1.DAOimplTest.UsersDAOimplTest" time="0.058" errors="0" timestamp="2026-03-02T14:33:11 ICT" skipped="0">
  <testcase classname="DA1.DAOimplTest.UsersDAOimplTest" name="TC01_UsersDAOimpl_create_valid" time="0.006"/>
  <testcase classname="DA1.DAOimplTest.UsersDAOimplTest" name="TC07_UsersDAOimpl_findByName_partial" time="0.007"/>
  <testcase classname="DA1.DAOimplTest.UsersDAOimplTest" name="TC05_UsersDAOimpl_findAll_basic" time="0.009"/>
  <testcase classname="DA1.DAOimplTest.UsersDAOimplTest" name="TC02_UsersDAOimpl_update_valid" time="0.015"/>
  <testcase classname="DA1.DAOimplTest.UsersDAOimplTest" name="TC06_UsersDAOimpl_findById_valid" time="0.004"/>
  <testcase classname="DA1.DAOimplTest.UsersDAOimplTest" name="TC03_UsersDAOimpl_deleteById_valid" time="0.010"/>
  <testcase classname="DA1.DAOimplTest.UsersDAOimplTest" name="TC04_UsersDAOimpl_deleteByIdInt_valid" time="0.007"/>
</testsuite> <!-- DA1.DAOimplTest.UsersDAOimplTest -->
