<?xml version="1.0" encoding="UTF-8"?>
<!-- Generated by org.testng.reporters.JUnitReportReporter -->
<testsuite hostname="PhamGiaKhanh" failures="0" tests="5" name="DA1.DAOimpl.SubjectsImplTest" time="0.029" errors="0" timestamp="2026-02-28T23:17:27 ICT" skipped="0">
  <testcase classname="DA1.DAOimpl.SubjectsImplTest" name="TC15_SubjectsImpl_findAll_basic" time="0.004"/>
  <testcase classname="DA1.DAOimpl.SubjectsImplTest" name="TC18_SubjectsImpl_delete_valid" time="0.005"/>
  <testcase classname="DA1.DAOimpl.SubjectsImplTest" name="TC16_SubjectsImpl_create_valid" time="0.004"/>
  <testcase classname="DA1.DAOimpl.SubjectsImplTest" name="TC19_SubjectsImpl_findByName_partial" time="0.007"/>
  <testcase classname="DA1.DAOimpl.SubjectsImplTest" name="TC17_SubjectsImpl_update_valid" time="0.009"/>
</testsuite> <!-- DA1.DAOimpl.SubjectsImplTest -->
