<?xml version="1.0" encoding="UTF-8"?>
<!-- Generated by org.testng.reporters.JUnitReportReporter -->
<testsuite hostname="PhamGiaKhanh" failures="0" tests="8" name="DA1.DAOimpl.MarksImplTest" time="0.519" errors="0" timestamp="2026-02-28T23:17:27 ICT" skipped="0">
  <testcase classname="DA1.DAOimpl.MarksImplTest" name="TC32_MarksImpl_getAllSubjectTitle_basic" time="0.012"/>
  <testcase classname="DA1.DAOimpl.MarksImplTest" name="TC27_MarksImpl_findAllSubjects_basic" time="0.009"/>
  <testcase classname="DA1.DAOimpl.MarksImplTest" name="TC26_MarksImpl_findAll_basic" time="0.458"/>
  <testcase classname="DA1.DAOimpl.MarksImplTest" name="TC33_MarksImpl_deleteMarks_valid" time="0.012"/>
  <testcase classname="DA1.DAOimpl.MarksImplTest" name="TC29_MarksImpl_update_valid" time="0.014"/>
  <testcase classname="DA1.DAOimpl.MarksImplTest" name="TC28_MarksImpl_findAllBySubjectsTitle_valid" time="0.002"/>
  <testcase classname="DA1.DAOimpl.MarksImplTest" name="TC30_MarksImpl_insert_valid" time="0.006"/>
  <testcase classname="DA1.DAOimpl.MarksImplTest" name="TC31_MarksImpl_findMarks_partial" time="0.006"/>
</testsuite> <!-- DA1.DAOimpl.MarksImplTest -->
