<?xml version="1.0" encoding="UTF-8"?>
<!-- Generated by org.testng.reporters.JUnitReportReporter -->
<testsuite hostname="PhamGiaKhanh" failures="0" tests="7" name="DA1.DAOimplTest.StudentsImplTest" time="0.144" errors="0" timestamp="2026-03-02T14:33:11 ICT" skipped="0">
  <testcase classname="DA1.DAOimplTest.StudentsImplTest" name="TC12_StudentsImpl_findByName_partial" time="0.009"/>
  <testcase classname="DA1.DAOimplTest.StudentsImplTest" name="TC08_StudentsImpl_create_valid" time="0.054"/>
  <testcase classname="DA1.DAOimplTest.StudentsImplTest" name="TC11_StudentsImpl_findAllStudentForSelectMark_basic" time="0.013"/>
  <testcase classname="DA1.DAOimplTest.StudentsImplTest" name="TC13_StudentsImpl_deleteStById_valid" time="0.016"/>
  <testcase classname="DA1.DAOimplTest.StudentsImplTest" name="TC14_StudentsImpl_classList_valid" time="0.017"/>
  <testcase classname="DA1.DAOimplTest.StudentsImplTest" name="TC10_StudentsImpl_findAll_basic" time="0.009"/>
  <testcase classname="DA1.DAOimplTest.StudentsImplTest" name="TC09_StudentsImpl_update_valid" time="0.026"/>
</testsuite> <!-- DA1.DAOimplTest.StudentsImplTest -->
