<?xml version="1.0" encoding="UTF-8"?>
<!-- Generated by org.testng.reporters.JUnitReportReporter -->
<testsuite hostname="PhamGiaKhanh" failures="0" tests="5" name="DA1.DAOimplTest.SubjectsImplTest" time="0.049" errors="0" timestamp="2026-03-02T14:33:11 ICT" skipped="0">
  <testcase classname="DA1.DAOimplTest.SubjectsImplTest" name="TC15_SubjectsImpl_findAll_basic" time="0.008"/>
  <testcase classname="DA1.DAOimplTest.SubjectsImplTest" name="TC18_SubjectsImpl_delete_valid" time="0.011"/>
  <testcase classname="DA1.DAOimplTest.SubjectsImplTest" name="TC16_SubjectsImpl_create_valid" time="0.009"/>
  <testcase classname="DA1.DAOimplTest.SubjectsImplTest" name="TC19_SubjectsImpl_findByName_partial" time="0.009"/>
  <testcase classname="DA1.DAOimplTest.SubjectsImplTest" name="TC17_SubjectsImpl_update_valid" time="0.012"/>
</testsuite> <!-- DA1.DAOimplTest.SubjectsImplTest -->
