<?xml version="1.0" encoding="UTF-8"?>
<!-- Generated by org.testng.reporters.JUnitReportReporter -->
<testsuite hostname="PhamGiaKhanh" failures="0" tests="6" name="DA1.DAOimplTest.TeachersImplTest" time="0.082" errors="0" timestamp="2026-03-02T14:33:11 ICT" skipped="0">
  <testcase classname="DA1.DAOimplTest.TeachersImplTest" name="TC23_TeachersImpl_findAll_basic" time="0.014"/>
  <testcase classname="DA1.DAOimplTest.TeachersImplTest" name="TC25_TeachersImpl_fillToTeacher_basic" time="0.014"/>
  <testcase classname="DA1.DAOimplTest.TeachersImplTest" name="TC21_TeachersImpl_update_valid" time="0.009"/>
  <testcase classname="DA1.DAOimplTest.TeachersImplTest" name="TC20_TeachersImpl_create_valid" time="0.021"/>
  <testcase classname="DA1.DAOimplTest.TeachersImplTest" name="TC22_TeachersImpl_deleteById_valid" time="0.018"/>
  <testcase classname="DA1.DAOimplTest.TeachersImplTest" name="TC24_TeachersImpl_findByName_partial" time="0.006"/>
</testsuite> <!-- DA1.DAOimplTest.TeachersImplTest -->
