<?xml version="1.0" encoding="UTF-8"?>
<!-- Generated by org.testng.reporters.JUnitReportReporter -->
<testsuite hostname="PhamGiaKhanh" failures="0" tests="7" name="DA1.DAOimpl.StudentsImplTest" time="0.109" errors="0" timestamp="2026-02-28T23:17:27 ICT" skipped="0">
  <testcase classname="DA1.DAOimpl.StudentsImplTest" name="TC12_StudentsImpl_findByName_partial" time="0.007"/>
  <testcase classname="DA1.DAOimpl.StudentsImplTest" name="TC08_StudentsImpl_create_valid" time="0.034"/>
  <testcase classname="DA1.DAOimpl.StudentsImplTest" name="TC11_StudentsImpl_findAllStudentForSelectMark_basic" time="0.013"/>
  <testcase classname="DA1.DAOimpl.StudentsImplTest" name="TC13_StudentsImpl_deleteStById_valid" time="0.014"/>
  <testcase classname="DA1.DAOimpl.StudentsImplTest" name="TC14_StudentsImpl_classList_valid" time="0.014"/>
  <testcase classname="DA1.DAOimpl.StudentsImplTest" name="TC10_StudentsImpl_findAll_basic" time="0.011"/>
  <testcase classname="DA1.DAOimpl.StudentsImplTest" name="TC09_StudentsImpl_update_valid" time="0.016"/>
</testsuite> <!-- DA1.DAOimpl.StudentsImplTest -->
