<?xml version="1.0" encoding="UTF-8"?>
<!-- Generated by org.testng.reporters.JUnitReportReporter -->
<testsuite hostname="PhamGiaKhanh" failures="0" tests="7" name="DA1.DAOimpl.UsersDAOimplTest" time="0.038" errors="0" timestamp="2026-02-28T23:17:27 ICT" skipped="0">
  <testcase classname="DA1.DAOimpl.UsersDAOimplTest" name="TC01_UsersDAOimpl_create_valid" time="0.005"/>
  <testcase classname="DA1.DAOimpl.UsersDAOimplTest" name="TC07_UsersDAOimpl_findByName_partial" time="0.005"/>
  <testcase classname="DA1.DAOimpl.UsersDAOimplTest" name="TC05_UsersDAOimpl_findAll_basic" time="0.005"/>
  <testcase classname="DA1.DAOimpl.UsersDAOimplTest" name="TC02_UsersDAOimpl_update_valid" time="0.012"/>
  <testcase classname="DA1.DAOimpl.UsersDAOimplTest" name="TC06_UsersDAOimpl_findById_valid" time="0.001"/>
  <testcase classname="DA1.DAOimpl.UsersDAOimplTest" name="TC03_UsersDAOimpl_deleteById_valid" time="0.005"/>
  <testcase classname="DA1.DAOimpl.UsersDAOimplTest" name="TC04_UsersDAOimpl_deleteByIdInt_valid" time="0.005"/>
</testsuite> <!-- DA1.DAOimpl.UsersDAOimplTest -->
