<?xml version="1.0" encoding="UTF-8"?>
<!-- Generated by org.testng.reporters.JUnitReportReporter -->
<testsuite hostname="PhamGiaKhanh" failures="0" tests="6" name="DA1.DAOimpl.TeachersImplTest" time="0.054" errors="0" timestamp="2026-02-28T23:17:27 ICT" skipped="0">
  <testcase classname="DA1.DAOimpl.TeachersImplTest" name="TC23_TeachersImpl_findAll_basic" time="0.009"/>
  <testcase classname="DA1.DAOimpl.TeachersImplTest" name="TC25_TeachersImpl_fillToTeacher_basic" time="0.009"/>
  <testcase classname="DA1.DAOimpl.TeachersImplTest" name="TC21_TeachersImpl_update_valid" time="0.013"/>
  <testcase classname="DA1.DAOimpl.TeachersImplTest" name="TC20_TeachersImpl_create_valid" time="0.015"/>
  <testcase classname="DA1.DAOimpl.TeachersImplTest" name="TC22_TeachersImpl_deleteById_valid" time="0.008"/>
  <testcase classname="DA1.DAOimpl.TeachersImplTest" name="TC24_TeachersImpl_findByName_partial" time="0.000"/>
</testsuite> <!-- DA1.DAOimpl.TeachersImplTest -->
